INFO - 2024-10-28 10:12:49 --> Session: Class initialized using 'CodeIgniter\Session\Handlers\FileHandler' driver.
INFO - 2024-10-28 10:47:20 --> Session: Class initialized using 'CodeIgniter\Session\Handlers\FileHandler' driver.
INFO - 2024-10-28 10:48:08 --> Session: Class initialized using 'CodeIgniter\Session\Handlers\FileHandler' driver.
INFO - 2024-10-28 10:48:24 --> Session: Class initialized using 'CodeIgniter\Session\Handlers\FileHandler' driver.
INFO - 2024-10-28 10:48:52 --> Session: Class initialized using 'CodeIgniter\Session\Handlers\FileHandler' driver.
INFO - 2024-10-28 10:49:15 --> Session: Class initialized using 'CodeIgniter\Session\Handlers\FileHandler' driver.
INFO - 2024-10-28 10:49:17 --> Session: Class initialized using 'CodeIgniter\Session\Handlers\FileHandler' driver.
INFO - 2024-10-28 10:49:19 --> Session: Class initialized using 'CodeIgniter\Session\Handlers\FileHandler' driver.
INFO - 2024-10-28 10:49:28 --> Session: Class initialized using 'CodeIgniter\Session\Handlers\FileHandler' driver.
INFO - 2024-10-28 10:49:56 --> Session: Class initialized using 'CodeIgniter\Session\Handlers\FileHandler' driver.
INFO - 2024-10-28 10:51:27 --> Session: Class initialized using 'CodeIgniter\Session\Handlers\FileHandler' driver.
INFO - 2024-10-28 10:51:35 --> Session: Class initialized using 'CodeIgniter\Session\Handlers\FileHandler' driver.
INFO - 2024-10-28 10:53:16 --> Session: Class initialized using 'CodeIgniter\Session\Handlers\FileHandler' driver.
INFO - 2024-10-28 10:53:22 --> Session: Class initialized using 'CodeIgniter\Session\Handlers\FileHandler' driver.
INFO - 2024-10-28 10:56:27 --> Session: Class initialized using 'CodeIgniter\Session\Handlers\FileHandler' driver.
INFO - 2024-10-28 10:56:42 --> Session: Class initialized using 'CodeIgniter\Session\Handlers\FileHandler' driver.
INFO - 2024-10-28 10:56:46 --> Session: Class initialized using 'CodeIgniter\Session\Handlers\FileHandler' driver.
INFO - 2024-10-28 10:56:49 --> Session: Class initialized using 'CodeIgniter\Session\Handlers\FileHandler' driver.
INFO - 2024-10-28 10:58:29 --> Session: Class initialized using 'CodeIgniter\Session\Handlers\FileHandler' driver.
INFO - 2024-10-28 11:03:31 --> Session: Class initialized using 'CodeIgniter\Session\Handlers\FileHandler' driver.
INFO - 2024-10-28 11:04:35 --> Session: Class initialized using 'CodeIgniter\Session\Handlers\FileHandler' driver.
INFO - 2024-10-28 11:06:50 --> Session: Class initialized using 'CodeIgniter\Session\Handlers\FileHandler' driver.
INFO - 2024-10-28 11:11:01 --> Session: Class initialized using 'CodeIgniter\Session\Handlers\FileHandler' driver.
INFO - 2024-10-28 11:11:15 --> Session: Class initialized using 'CodeIgniter\Session\Handlers\FileHandler' driver.
INFO - 2024-10-28 11:11:26 --> Session: Class initialized using 'CodeIgniter\Session\Handlers\FileHandler' driver.
INFO - 2024-10-28 11:17:42 --> Session: Class initialized using 'CodeIgniter\Session\Handlers\FileHandler' driver.
INFO - 2024-10-28 11:17:45 --> Session: Class initialized using 'CodeIgniter\Session\Handlers\FileHandler' driver.
INFO - 2024-10-28 11:17:48 --> Session: Class initialized using 'CodeIgniter\Session\Handlers\FileHandler' driver.
INFO - 2024-10-28 11:19:14 --> Session: Class initialized using 'CodeIgniter\Session\Handlers\FileHandler' driver.
INFO - 2024-10-28 11:20:11 --> Session: Class initialized using 'CodeIgniter\Session\Handlers\FileHandler' driver.
INFO - 2024-10-28 11:20:13 --> Session: Class initialized using 'CodeIgniter\Session\Handlers\FileHandler' driver.
CRITICAL - 2024-10-28 11:21:58 --> ErrorException: Undefined variable $totalObat
[Method: GET, Route: /]
in APPPATH\Views\dashboard.php on line 18.
 1 APPPATH\Views\dashboard.php(18): CodeIgniter\Debug\Exceptions->errorHandler(2, 'Undefined variable $totalObat', 'C:\\xampp\\htdocs\\apotek\\app\\Views\\dashboard.php', 18)
 2 SYSTEMPATH\View\View.php(234): include('C:\\xampp\\htdocs\\apotek\\app\\Views\\dashboard.php')
 3 SYSTEMPATH\View\View.php(237): CodeIgniter\View\View->CodeIgniter\View\{closure}()
 4 SYSTEMPATH\Common.php(1171): CodeIgniter\View\View->render('dashboard', [], true)
 5 APPPATH\Controllers\Home.php(9): view('dashboard')
 6 SYSTEMPATH\CodeIgniter.php(933): App\Controllers\Home->dashboard()
 7 SYSTEMPATH\CodeIgniter.php(509): CodeIgniter\CodeIgniter->runController(Object(App\Controllers\Home))
 8 SYSTEMPATH\CodeIgniter.php(355): CodeIgniter\CodeIgniter->handleRequest(null, Object(Config\Cache), false)
 9 SYSTEMPATH\Boot.php(325): CodeIgniter\CodeIgniter->run()
10 SYSTEMPATH\Boot.php(67): CodeIgniter\Boot::runCodeIgniter(Object(CodeIgniter\CodeIgniter))
11 FCPATH\index.php(56): CodeIgniter\Boot::bootWeb(Object(Config\Paths))
12 SYSTEMPATH\rewrite.php(44): require_once('C:\\xampp\\htdocs\\apotek\\public\\index.php')
INFO - 2024-10-28 11:42:34 --> Session: Class initialized using 'CodeIgniter\Session\Handlers\FileHandler' driver.
INFO - 2024-10-28 11:43:49 --> Session: Class initialized using 'CodeIgniter\Session\Handlers\FileHandler' driver.
INFO - 2024-10-28 11:52:49 --> Session: Class initialized using 'CodeIgniter\Session\Handlers\FileHandler' driver.
INFO - 2024-10-28 11:58:25 --> Session: Class initialized using 'CodeIgniter\Session\Handlers\FileHandler' driver.
CRITICAL - 2024-10-28 11:58:30 --> ErrorException: Undefined array key "nama_obat"
[Method: GET, Route: pesanan_pembelian/create]
in APPPATH\Views\pesanan_pembelian\create.php on line 21.
 1 APPPATH\Views\pesanan_pembelian\create.php(21): CodeIgniter\Debug\Exceptions->errorHandler(2, 'Undefined array key "nama_obat"', 'C:\\xampp\\htdocs\\apotek\\app\\Views\\pesanan_pembelian\\create.php', 21)
 2 SYSTEMPATH\View\View.php(234): include('C:\\xampp\\htdocs\\apotek\\app\\Views\\pesanan_pembelian\\create.php')
 3 SYSTEMPATH\View\View.php(237): CodeIgniter\View\View->CodeIgniter\View\{closure}()
 4 SYSTEMPATH\Common.php(1171): CodeIgniter\View\View->render('pesanan_pembelian/create', [], true)
 5 APPPATH\Controllers\PesananPembelianController.php(27): view('pesanan_pembelian/create', [...])
 6 SYSTEMPATH\CodeIgniter.php(933): App\Controllers\PesananPembelianController->create()
 7 SYSTEMPATH\CodeIgniter.php(509): CodeIgniter\CodeIgniter->runController(Object(App\Controllers\PesananPembelianController))
 8 SYSTEMPATH\CodeIgniter.php(355): CodeIgniter\CodeIgniter->handleRequest(null, Object(Config\Cache), false)
 9 SYSTEMPATH\Boot.php(325): CodeIgniter\CodeIgniter->run()
10 SYSTEMPATH\Boot.php(67): CodeIgniter\Boot::runCodeIgniter(Object(CodeIgniter\CodeIgniter))
11 FCPATH\index.php(56): CodeIgniter\Boot::bootWeb(Object(Config\Paths))
12 SYSTEMPATH\rewrite.php(44): require_once('C:\\xampp\\htdocs\\apotek\\public\\index.php')
CRITICAL - 2024-10-28 12:00:41 --> Error: Class "App\Models\ItemPesananPembelianModel" not found
[Method: POST, Route: pesanan_pembelian/store]
in APPPATH\Controllers\PesananPembelianController.php on line 33.
 1 SYSTEMPATH\CodeIgniter.php(933): App\Controllers\PesananPembelianController->store()
 2 SYSTEMPATH\CodeIgniter.php(509): CodeIgniter\CodeIgniter->runController(Object(App\Controllers\PesananPembelianController))
 3 SYSTEMPATH\CodeIgniter.php(355): CodeIgniter\CodeIgniter->handleRequest(null, Object(Config\Cache), false)
 4 SYSTEMPATH\Boot.php(325): CodeIgniter\CodeIgniter->run()
 5 SYSTEMPATH\Boot.php(67): CodeIgniter\Boot::runCodeIgniter(Object(CodeIgniter\CodeIgniter))
 6 FCPATH\index.php(56): CodeIgniter\Boot::bootWeb(Object(Config\Paths))
 7 SYSTEMPATH\rewrite.php(44): require_once('C:\\xampp\\htdocs\\apotek\\public\\index.php')
CRITICAL - 2024-10-28 12:01:56 --> Error: Class "App\Models\ItemPesananPembelianModel" not found
[Method: POST, Route: pesanan_pembelian/store]
in APPPATH\Controllers\PesananPembelianController.php on line 33.
 1 SYSTEMPATH\CodeIgniter.php(933): App\Controllers\PesananPembelianController->store()
 2 SYSTEMPATH\CodeIgniter.php(509): CodeIgniter\CodeIgniter->runController(Object(App\Controllers\PesananPembelianController))
 3 SYSTEMPATH\CodeIgniter.php(355): CodeIgniter\CodeIgniter->handleRequest(null, Object(Config\Cache), false)
 4 SYSTEMPATH\Boot.php(325): CodeIgniter\CodeIgniter->run()
 5 SYSTEMPATH\Boot.php(67): CodeIgniter\Boot::runCodeIgniter(Object(CodeIgniter\CodeIgniter))
 6 FCPATH\index.php(56): CodeIgniter\Boot::bootWeb(Object(Config\Paths))
 7 SYSTEMPATH\rewrite.php(44): require_once('C:\\xampp\\htdocs\\apotek\\public\\index.php')
CRITICAL - 2024-10-28 12:05:04 --> Error: Class "App\Models\ItemPesananPembelianModel" not found
[Method: POST, Route: pesanan_pembelian/store]
in APPPATH\Controllers\PesananPembelianController.php on line 33.
 1 SYSTEMPATH\CodeIgniter.php(933): App\Controllers\PesananPembelianController->store()
 2 SYSTEMPATH\CodeIgniter.php(509): CodeIgniter\CodeIgniter->runController(Object(App\Controllers\PesananPembelianController))
 3 SYSTEMPATH\CodeIgniter.php(355): CodeIgniter\CodeIgniter->handleRequest(null, Object(Config\Cache), false)
 4 SYSTEMPATH\Boot.php(325): CodeIgniter\CodeIgniter->run()
 5 SYSTEMPATH\Boot.php(67): CodeIgniter\Boot::runCodeIgniter(Object(CodeIgniter\CodeIgniter))
 6 FCPATH\index.php(56): CodeIgniter\Boot::bootWeb(Object(Config\Paths))
 7 SYSTEMPATH\rewrite.php(44): require_once('C:\\xampp\\htdocs\\apotek\\public\\index.php')
CRITICAL - 2024-10-28 12:07:30 --> ErrorException: Undefined variable $data
[Method: GET, Route: pesanan_pembelian]
in APPPATH\Views\pesanan_pembelian\index.php on line 27.
 1 APPPATH\Views\pesanan_pembelian\index.php(27): CodeIgniter\Debug\Exceptions->errorHandler(2, 'Undefined variable $data', 'C:\\xampp\\htdocs\\apotek\\app\\Views\\pesanan_pembelian\\index.php', 27)
 2 SYSTEMPATH\View\View.php(234): include('C:\\xampp\\htdocs\\apotek\\app\\Views\\pesanan_pembelian\\index.php')
 3 SYSTEMPATH\View\View.php(237): CodeIgniter\View\View->CodeIgniter\View\{closure}()
 4 SYSTEMPATH\Common.php(1171): CodeIgniter\View\View->render('pesanan_pembelian/index', [], true)
 5 APPPATH\Controllers\PesananPembelianController.php(22): view('pesanan_pembelian/index', [...])
 6 SYSTEMPATH\CodeIgniter.php(933): App\Controllers\PesananPembelianController->index()
 7 SYSTEMPATH\CodeIgniter.php(509): CodeIgniter\CodeIgniter->runController(Object(App\Controllers\PesananPembelianController))
 8 SYSTEMPATH\CodeIgniter.php(355): CodeIgniter\CodeIgniter->handleRequest(null, Object(Config\Cache), false)
 9 SYSTEMPATH\Boot.php(325): CodeIgniter\CodeIgniter->run()
10 SYSTEMPATH\Boot.php(67): CodeIgniter\Boot::runCodeIgniter(Object(CodeIgniter\CodeIgniter))
11 FCPATH\index.php(56): CodeIgniter\Boot::bootWeb(Object(Config\Paths))
12 SYSTEMPATH\rewrite.php(44): require_once('C:\\xampp\\htdocs\\apotek\\public\\index.php')
CRITICAL - 2024-10-28 12:29:42 --> ErrorException: Undefined variable $pesanan
[Method: GET, Route: pesanan_pembelian]
in APPPATH\Views\pesanan_pembelian\index.php on line 4.
 1 APPPATH\Views\pesanan_pembelian\index.php(4): CodeIgniter\Debug\Exceptions->errorHandler(2, 'Undefined variable $pesanan', 'C:\\xampp\\htdocs\\apotek\\app\\Views\\pesanan_pembelian\\index.php', 4)
 2 SYSTEMPATH\View\View.php(234): include('C:\\xampp\\htdocs\\apotek\\app\\Views\\pesanan_pembelian\\index.php')
 3 SYSTEMPATH\View\View.php(237): CodeIgniter\View\View->CodeIgniter\View\{closure}()
 4 SYSTEMPATH\Common.php(1171): CodeIgniter\View\View->render('pesanan_pembelian/index', [], true)
 5 APPPATH\Controllers\PesananPembelianController.php(38): view('pesanan_pembelian/index', [...])
 6 SYSTEMPATH\CodeIgniter.php(933): App\Controllers\PesananPembelianController->index()
 7 SYSTEMPATH\CodeIgniter.php(509): CodeIgniter\CodeIgniter->runController(Object(App\Controllers\PesananPembelianController))
 8 SYSTEMPATH\CodeIgniter.php(355): CodeIgniter\CodeIgniter->handleRequest(null, Object(Config\Cache), false)
 9 SYSTEMPATH\Boot.php(325): CodeIgniter\CodeIgniter->run()
10 SYSTEMPATH\Boot.php(67): CodeIgniter\Boot::runCodeIgniter(Object(CodeIgniter\CodeIgniter))
11 FCPATH\index.php(56): CodeIgniter\Boot::bootWeb(Object(Config\Paths))
12 SYSTEMPATH\rewrite.php(44): require_once('C:\\xampp\\htdocs\\apotek\\public\\index.php')
INFO - 2024-10-28 12:30:40 --> Session: Class initialized using 'CodeIgniter\Session\Handlers\FileHandler' driver.
INFO - 2024-10-28 12:38:59 --> Session: Class initialized using 'CodeIgniter\Session\Handlers\FileHandler' driver.
INFO - 2024-10-28 12:39:03 --> Session: Class initialized using 'CodeIgniter\Session\Handlers\FileHandler' driver.
INFO - 2024-10-28 12:44:05 --> Session: Class initialized using 'CodeIgniter\Session\Handlers\FileHandler' driver.
INFO - 2024-10-28 12:44:06 --> Session: Class initialized using 'CodeIgniter\Session\Handlers\FileHandler' driver.
INFO - 2024-10-28 12:44:14 --> Session: Class initialized using 'CodeIgniter\Session\Handlers\FileHandler' driver.
INFO - 2024-10-28 12:45:23 --> Session: Class initialized using 'CodeIgniter\Session\Handlers\FileHandler' driver.
INFO - 2024-10-28 12:46:02 --> Session: Class initialized using 'CodeIgniter\Session\Handlers\FileHandler' driver.
INFO - 2024-10-28 12:46:15 --> Session: Class initialized using 'CodeIgniter\Session\Handlers\FileHandler' driver.
INFO - 2024-10-28 12:46:19 --> Session: Class initialized using 'CodeIgniter\Session\Handlers\FileHandler' driver.
INFO - 2024-10-28 12:48:21 --> Session: Class initialized using 'CodeIgniter\Session\Handlers\FileHandler' driver.
INFO - 2024-10-28 12:48:53 --> Session: Class initialized using 'CodeIgniter\Session\Handlers\FileHandler' driver.
CRITICAL - 2024-10-28 13:11:42 --> ErrorException: Undefined array key "total_harga"
[Method: POST, Route: penjualan/store]
in APPPATH\Controllers\PenjualanController.php on line 37.
 1 APPPATH\Controllers\PenjualanController.php(37): CodeIgniter\Debug\Exceptions->errorHandler(2, 'Undefined array key "total_harga"', 'C:\\xampp\\htdocs\\apotek\\app\\Controllers\\PenjualanController.php', 37)
 2 SYSTEMPATH\CodeIgniter.php(933): App\Controllers\PenjualanController->store()
 3 SYSTEMPATH\CodeIgniter.php(509): CodeIgniter\CodeIgniter->runController(Object(App\Controllers\PenjualanController))
 4 SYSTEMPATH\CodeIgniter.php(355): CodeIgniter\CodeIgniter->handleRequest(null, Object(Config\Cache), false)
 5 SYSTEMPATH\Boot.php(325): CodeIgniter\CodeIgniter->run()
 6 SYSTEMPATH\Boot.php(67): CodeIgniter\Boot::runCodeIgniter(Object(CodeIgniter\CodeIgniter))
 7 FCPATH\index.php(56): CodeIgniter\Boot::bootWeb(Object(Config\Paths))
 8 SYSTEMPATH\rewrite.php(44): require_once('C:\\xampp\\htdocs\\apotek\\public\\index.php')
CRITICAL - 2024-10-28 13:13:44 --> Error: Class "App\Controllers\ItemPenjualanModel" not found
[Method: POST, Route: penjualan/store]
in APPPATH\Controllers\PenjualanController.php on line 52.
 1 SYSTEMPATH\CodeIgniter.php(933): App\Controllers\PenjualanController->store()
 2 SYSTEMPATH\CodeIgniter.php(509): CodeIgniter\CodeIgniter->runController(Object(App\Controllers\PenjualanController))
 3 SYSTEMPATH\CodeIgniter.php(355): CodeIgniter\CodeIgniter->handleRequest(null, Object(Config\Cache), false)
 4 SYSTEMPATH\Boot.php(325): CodeIgniter\CodeIgniter->run()
 5 SYSTEMPATH\Boot.php(67): CodeIgniter\Boot::runCodeIgniter(Object(CodeIgniter\CodeIgniter))
 6 FCPATH\index.php(56): CodeIgniter\Boot::bootWeb(Object(Config\Paths))
 7 SYSTEMPATH\rewrite.php(44): require_once('C:\\xampp\\htdocs\\apotek\\public\\index.php')
CRITICAL - 2024-10-28 13:15:17 --> ErrorException: Undefined array key "nama_pelanggan"
[Method: GET, Route: penjualan]
in APPPATH\Views\penjualan\index.php on line 22.
 1 APPPATH\Views\penjualan\index.php(22): CodeIgniter\Debug\Exceptions->errorHandler(2, 'Undefined array key "nama_pelanggan"', 'C:\\xampp\\htdocs\\apotek\\app\\Views\\penjualan\\index.php', 22)
 2 SYSTEMPATH\View\View.php(234): include('C:\\xampp\\htdocs\\apotek\\app\\Views\\penjualan\\index.php')
 3 SYSTEMPATH\View\View.php(237): CodeIgniter\View\View->CodeIgniter\View\{closure}()
 4 SYSTEMPATH\Common.php(1171): CodeIgniter\View\View->render('penjualan/index', [], true)
 5 APPPATH\Controllers\PenjualanController.php(15): view('penjualan/index', [...])
 6 SYSTEMPATH\CodeIgniter.php(933): App\Controllers\PenjualanController->index()
 7 SYSTEMPATH\CodeIgniter.php(509): CodeIgniter\CodeIgniter->runController(Object(App\Controllers\PenjualanController))
 8 SYSTEMPATH\CodeIgniter.php(355): CodeIgniter\CodeIgniter->handleRequest(null, Object(Config\Cache), false)
 9 SYSTEMPATH\Boot.php(325): CodeIgniter\CodeIgniter->run()
10 SYSTEMPATH\Boot.php(67): CodeIgniter\Boot::runCodeIgniter(Object(CodeIgniter\CodeIgniter))
11 FCPATH\index.php(56): CodeIgniter\Boot::bootWeb(Object(Config\Paths))
12 SYSTEMPATH\rewrite.php(44): require_once('C:\\xampp\\htdocs\\apotek\\public\\index.php')
CRITICAL - 2024-10-28 13:15:43 --> ErrorException: Undefined array key "nama"
[Method: GET, Route: penjualan]
in APPPATH\Views\penjualan\index.php on line 22.
 1 APPPATH\Views\penjualan\index.php(22): CodeIgniter\Debug\Exceptions->errorHandler(2, 'Undefined array key "nama"', 'C:\\xampp\\htdocs\\apotek\\app\\Views\\penjualan\\index.php', 22)
 2 SYSTEMPATH\View\View.php(234): include('C:\\xampp\\htdocs\\apotek\\app\\Views\\penjualan\\index.php')
 3 SYSTEMPATH\View\View.php(237): CodeIgniter\View\View->CodeIgniter\View\{closure}()
 4 SYSTEMPATH\Common.php(1171): CodeIgniter\View\View->render('penjualan/index', [], true)
 5 APPPATH\Controllers\PenjualanController.php(15): view('penjualan/index', [...])
 6 SYSTEMPATH\CodeIgniter.php(933): App\Controllers\PenjualanController->index()
 7 SYSTEMPATH\CodeIgniter.php(509): CodeIgniter\CodeIgniter->runController(Object(App\Controllers\PenjualanController))
 8 SYSTEMPATH\CodeIgniter.php(355): CodeIgniter\CodeIgniter->handleRequest(null, Object(Config\Cache), false)
 9 SYSTEMPATH\Boot.php(325): CodeIgniter\CodeIgniter->run()
10 SYSTEMPATH\Boot.php(67): CodeIgniter\Boot::runCodeIgniter(Object(CodeIgniter\CodeIgniter))
11 FCPATH\index.php(56): CodeIgniter\Boot::bootWeb(Object(Config\Paths))
12 SYSTEMPATH\rewrite.php(44): require_once('C:\\xampp\\htdocs\\apotek\\public\\index.php')
CRITICAL - 2024-10-28 13:20:21 --> ErrorException: Undefined array key "nama"
[Method: GET, Route: penjualan]
in APPPATH\Views\penjualan\index.php on line 22.
 1 APPPATH\Views\penjualan\index.php(22): CodeIgniter\Debug\Exceptions->errorHandler(2, 'Undefined array key "nama"', 'C:\\xampp\\htdocs\\apotek\\app\\Views\\penjualan\\index.php', 22)
 2 SYSTEMPATH\View\View.php(234): include('C:\\xampp\\htdocs\\apotek\\app\\Views\\penjualan\\index.php')
 3 SYSTEMPATH\View\View.php(237): CodeIgniter\View\View->CodeIgniter\View\{closure}()
 4 SYSTEMPATH\Common.php(1171): CodeIgniter\View\View->render('penjualan/index', [], true)
 5 APPPATH\Controllers\PenjualanController.php(40): view('penjualan/index', [...])
 6 SYSTEMPATH\CodeIgniter.php(933): App\Controllers\PenjualanController->index()
 7 SYSTEMPATH\CodeIgniter.php(509): CodeIgniter\CodeIgniter->runController(Object(App\Controllers\PenjualanController))
 8 SYSTEMPATH\CodeIgniter.php(355): CodeIgniter\CodeIgniter->handleRequest(null, Object(Config\Cache), false)
 9 SYSTEMPATH\Boot.php(325): CodeIgniter\CodeIgniter->run()
10 SYSTEMPATH\Boot.php(67): CodeIgniter\Boot::runCodeIgniter(Object(CodeIgniter\CodeIgniter))
11 FCPATH\index.php(56): CodeIgniter\Boot::bootWeb(Object(Config\Paths))
12 SYSTEMPATH\rewrite.php(44): require_once('C:\\xampp\\htdocs\\apotek\\public\\index.php')
CRITICAL - 2024-10-28 13:20:29 --> ErrorException: Undefined array key "nama"
[Method: GET, Route: penjualan]
in APPPATH\Views\penjualan\index.php on line 22.
 1 APPPATH\Views\penjualan\index.php(22): CodeIgniter\Debug\Exceptions->errorHandler(2, 'Undefined array key "nama"', 'C:\\xampp\\htdocs\\apotek\\app\\Views\\penjualan\\index.php', 22)
 2 SYSTEMPATH\View\View.php(234): include('C:\\xampp\\htdocs\\apotek\\app\\Views\\penjualan\\index.php')
 3 SYSTEMPATH\View\View.php(237): CodeIgniter\View\View->CodeIgniter\View\{closure}()
 4 SYSTEMPATH\Common.php(1171): CodeIgniter\View\View->render('penjualan/index', [], true)
 5 APPPATH\Controllers\PenjualanController.php(40): view('penjualan/index', [...])
 6 SYSTEMPATH\CodeIgniter.php(933): App\Controllers\PenjualanController->index()
 7 SYSTEMPATH\CodeIgniter.php(509): CodeIgniter\CodeIgniter->runController(Object(App\Controllers\PenjualanController))
 8 SYSTEMPATH\CodeIgniter.php(355): CodeIgniter\CodeIgniter->handleRequest(null, Object(Config\Cache), false)
 9 SYSTEMPATH\Boot.php(325): CodeIgniter\CodeIgniter->run()
10 SYSTEMPATH\Boot.php(67): CodeIgniter\Boot::runCodeIgniter(Object(CodeIgniter\CodeIgniter))
11 FCPATH\index.php(56): CodeIgniter\Boot::bootWeb(Object(Config\Paths))
12 SYSTEMPATH\rewrite.php(44): require_once('C:\\xampp\\htdocs\\apotek\\public\\index.php')
CRITICAL - 2024-10-28 13:20:59 --> ErrorException: Undefined array key "nama_obat"
[Method: GET, Route: penjualan]
in APPPATH\Views\penjualan\index.php on line 23.
 1 APPPATH\Views\penjualan\index.php(23): CodeIgniter\Debug\Exceptions->errorHandler(2, 'Undefined array key "nama_obat"', 'C:\\xampp\\htdocs\\apotek\\app\\Views\\penjualan\\index.php', 23)
 2 SYSTEMPATH\View\View.php(234): include('C:\\xampp\\htdocs\\apotek\\app\\Views\\penjualan\\index.php')
 3 SYSTEMPATH\View\View.php(237): CodeIgniter\View\View->CodeIgniter\View\{closure}()
 4 SYSTEMPATH\Common.php(1171): CodeIgniter\View\View->render('penjualan/index', [], true)
 5 APPPATH\Controllers\PenjualanController.php(40): view('penjualan/index', [...])
 6 SYSTEMPATH\CodeIgniter.php(933): App\Controllers\PenjualanController->index()
 7 SYSTEMPATH\CodeIgniter.php(509): CodeIgniter\CodeIgniter->runController(Object(App\Controllers\PenjualanController))
 8 SYSTEMPATH\CodeIgniter.php(355): CodeIgniter\CodeIgniter->handleRequest(null, Object(Config\Cache), false)
 9 SYSTEMPATH\Boot.php(325): CodeIgniter\CodeIgniter->run()
10 SYSTEMPATH\Boot.php(67): CodeIgniter\Boot::runCodeIgniter(Object(CodeIgniter\CodeIgniter))
11 FCPATH\index.php(56): CodeIgniter\Boot::bootWeb(Object(Config\Paths))
12 SYSTEMPATH\rewrite.php(44): require_once('C:\\xampp\\htdocs\\apotek\\public\\index.php')
CRITICAL - 2024-10-28 13:21:14 --> ErrorException: Undefined array key "nama"
[Method: GET, Route: penjualan]
in APPPATH\Views\penjualan\index.php on line 23.
 1 APPPATH\Views\penjualan\index.php(23): CodeIgniter\Debug\Exceptions->errorHandler(2, 'Undefined array key "nama"', 'C:\\xampp\\htdocs\\apotek\\app\\Views\\penjualan\\index.php', 23)
 2 SYSTEMPATH\View\View.php(234): include('C:\\xampp\\htdocs\\apotek\\app\\Views\\penjualan\\index.php')
 3 SYSTEMPATH\View\View.php(237): CodeIgniter\View\View->CodeIgniter\View\{closure}()
 4 SYSTEMPATH\Common.php(1171): CodeIgniter\View\View->render('penjualan/index', [], true)
 5 APPPATH\Controllers\PenjualanController.php(40): view('penjualan/index', [...])
 6 SYSTEMPATH\CodeIgniter.php(933): App\Controllers\PenjualanController->index()
 7 SYSTEMPATH\CodeIgniter.php(509): CodeIgniter\CodeIgniter->runController(Object(App\Controllers\PenjualanController))
 8 SYSTEMPATH\CodeIgniter.php(355): CodeIgniter\CodeIgniter->handleRequest(null, Object(Config\Cache), false)
 9 SYSTEMPATH\Boot.php(325): CodeIgniter\CodeIgniter->run()
10 SYSTEMPATH\Boot.php(67): CodeIgniter\Boot::runCodeIgniter(Object(CodeIgniter\CodeIgniter))
11 FCPATH\index.php(56): CodeIgniter\Boot::bootWeb(Object(Config\Paths))
12 SYSTEMPATH\rewrite.php(44): require_once('C:\\xampp\\htdocs\\apotek\\public\\index.php')
CRITICAL - 2024-10-28 13:21:29 --> ErrorException: Undefined array key "nama_obat"
[Method: GET, Route: penjualan]
in APPPATH\Views\penjualan\index.php on line 23.
 1 APPPATH\Views\penjualan\index.php(23): CodeIgniter\Debug\Exceptions->errorHandler(2, 'Undefined array key "nama_obat"', 'C:\\xampp\\htdocs\\apotek\\app\\Views\\penjualan\\index.php', 23)
 2 SYSTEMPATH\View\View.php(234): include('C:\\xampp\\htdocs\\apotek\\app\\Views\\penjualan\\index.php')
 3 SYSTEMPATH\View\View.php(237): CodeIgniter\View\View->CodeIgniter\View\{closure}()
 4 SYSTEMPATH\Common.php(1171): CodeIgniter\View\View->render('penjualan/index', [], true)
 5 APPPATH\Controllers\PenjualanController.php(40): view('penjualan/index', [...])
 6 SYSTEMPATH\CodeIgniter.php(933): App\Controllers\PenjualanController->index()
 7 SYSTEMPATH\CodeIgniter.php(509): CodeIgniter\CodeIgniter->runController(Object(App\Controllers\PenjualanController))
 8 SYSTEMPATH\CodeIgniter.php(355): CodeIgniter\CodeIgniter->handleRequest(null, Object(Config\Cache), false)
 9 SYSTEMPATH\Boot.php(325): CodeIgniter\CodeIgniter->run()
10 SYSTEMPATH\Boot.php(67): CodeIgniter\Boot::runCodeIgniter(Object(CodeIgniter\CodeIgniter))
11 FCPATH\index.php(56): CodeIgniter\Boot::bootWeb(Object(Config\Paths))
12 SYSTEMPATH\rewrite.php(44): require_once('C:\\xampp\\htdocs\\apotek\\public\\index.php')
INFO - 2024-10-28 13:30:38 --> Session: Class initialized using 'CodeIgniter\Session\Handlers\FileHandler' driver.
INFO - 2024-10-28 13:31:02 --> Session: Class initialized using 'CodeIgniter\Session\Handlers\FileHandler' driver.
INFO - 2024-10-28 13:31:02 --> Session: Class initialized using 'CodeIgniter\Session\Handlers\FileHandler' driver.
INFO - 2024-10-28 13:31:20 --> Session: Class initialized using 'CodeIgniter\Session\Handlers\FileHandler' driver.
INFO - 2024-10-28 13:31:20 --> Session: Class initialized using 'CodeIgniter\Session\Handlers\FileHandler' driver.
INFO - 2024-10-28 13:31:27 --> Session: Class initialized using 'CodeIgniter\Session\Handlers\FileHandler' driver.
INFO - 2024-10-28 13:32:02 --> Session: Class initialized using 'CodeIgniter\Session\Handlers\FileHandler' driver.
INFO - 2024-10-28 13:32:03 --> Session: Class initialized using 'CodeIgniter\Session\Handlers\FileHandler' driver.
INFO - 2024-10-28 13:32:29 --> Session: Class initialized using 'CodeIgniter\Session\Handlers\FileHandler' driver.
INFO - 2024-10-28 13:32:30 --> Session: Class initialized using 'CodeIgniter\Session\Handlers\FileHandler' driver.
INFO - 2024-10-28 13:32:34 --> Session: Class initialized using 'CodeIgniter\Session\Handlers\FileHandler' driver.
INFO - 2024-10-28 13:32:36 --> Session: Class initialized using 'CodeIgniter\Session\Handlers\FileHandler' driver.
INFO - 2024-10-28 13:32:52 --> Session: Class initialized using 'CodeIgniter\Session\Handlers\FileHandler' driver.
INFO - 2024-10-28 13:33:19 --> Session: Class initialized using 'CodeIgniter\Session\Handlers\FileHandler' driver.
INFO - 2024-10-28 13:33:24 --> Session: Class initialized using 'CodeIgniter\Session\Handlers\FileHandler' driver.
INFO - 2024-10-28 13:36:12 --> Session: Class initialized using 'CodeIgniter\Session\Handlers\FileHandler' driver.
INFO - 2024-10-28 13:36:45 --> Session: Class initialized using 'CodeIgniter\Session\Handlers\FileHandler' driver.
INFO - 2024-10-28 13:40:33 --> Session: Class initialized using 'CodeIgniter\Session\Handlers\FileHandler' driver.
CRITICAL - 2024-10-28 13:41:04 --> TypeError: Unsupported operand types: string + string
[Method: POST, Route: pesanan_pembelian/update/5]
in APPPATH\Controllers\PesananPembelianController.php on line 151.
 1 SYSTEMPATH\CodeIgniter.php(933): App\Controllers\PesananPembelianController->update('5')
 2 SYSTEMPATH\CodeIgniter.php(509): CodeIgniter\CodeIgniter->runController(Object(App\Controllers\PesananPembelianController))
 3 SYSTEMPATH\CodeIgniter.php(355): CodeIgniter\CodeIgniter->handleRequest(null, Object(Config\Cache), false)
 4 SYSTEMPATH\Boot.php(325): CodeIgniter\CodeIgniter->run()
 5 SYSTEMPATH\Boot.php(67): CodeIgniter\Boot::runCodeIgniter(Object(CodeIgniter\CodeIgniter))
 6 FCPATH\index.php(56): CodeIgniter\Boot::bootWeb(Object(Config\Paths))
 7 SYSTEMPATH\rewrite.php(44): require_once('C:\\xampp\\htdocs\\apotek\\public\\index.php')
CRITICAL - 2024-10-28 13:41:21 --> TypeError: Unsupported operand types: string + string
[Method: POST, Route: pesanan_pembelian/update/5]
in APPPATH\Controllers\PesananPembelianController.php on line 151.
 1 SYSTEMPATH\CodeIgniter.php(933): App\Controllers\PesananPembelianController->update('5')
 2 SYSTEMPATH\CodeIgniter.php(509): CodeIgniter\CodeIgniter->runController(Object(App\Controllers\PesananPembelianController))
 3 SYSTEMPATH\CodeIgniter.php(355): CodeIgniter\CodeIgniter->handleRequest(null, Object(Config\Cache), false)
 4 SYSTEMPATH\Boot.php(325): CodeIgniter\CodeIgniter->run()
 5 SYSTEMPATH\Boot.php(67): CodeIgniter\Boot::runCodeIgniter(Object(CodeIgniter\CodeIgniter))
 6 FCPATH\index.php(56): CodeIgniter\Boot::bootWeb(Object(Config\Paths))
 7 SYSTEMPATH\rewrite.php(44): require_once('C:\\xampp\\htdocs\\apotek\\public\\index.php')
CRITICAL - 2024-10-28 13:41:51 --> ErrorException: Undefined variable $item_penjualan
[Method: GET, Route: penjualan/edit/6]
in APPPATH\Views\penjualan\edit.php on line 19.
 1 APPPATH\Views\penjualan\edit.php(19): CodeIgniter\Debug\Exceptions->errorHandler(2, 'Undefined variable $item_penjualan', 'C:\\xampp\\htdocs\\apotek\\app\\Views\\penjualan\\edit.php', 19)
 2 SYSTEMPATH\View\View.php(234): include('C:\\xampp\\htdocs\\apotek\\app\\Views\\penjualan\\edit.php')
 3 SYSTEMPATH\View\View.php(237): CodeIgniter\View\View->CodeIgniter\View\{closure}()
 4 SYSTEMPATH\Common.php(1171): CodeIgniter\View\View->render('penjualan/edit', [], true)
 5 APPPATH\Controllers\PenjualanController.php(106): view('penjualan/edit', [...])
 6 SYSTEMPATH\CodeIgniter.php(933): App\Controllers\PenjualanController->edit('6')
 7 SYSTEMPATH\CodeIgniter.php(509): CodeIgniter\CodeIgniter->runController(Object(App\Controllers\PenjualanController))
 8 SYSTEMPATH\CodeIgniter.php(355): CodeIgniter\CodeIgniter->handleRequest(null, Object(Config\Cache), false)
 9 SYSTEMPATH\Boot.php(325): CodeIgniter\CodeIgniter->run()
10 SYSTEMPATH\Boot.php(67): CodeIgniter\Boot::runCodeIgniter(Object(CodeIgniter\CodeIgniter))
11 FCPATH\index.php(56): CodeIgniter\Boot::bootWeb(Object(Config\Paths))
12 SYSTEMPATH\rewrite.php(44): require_once('C:\\xampp\\htdocs\\apotek\\public\\index.php')
CRITICAL - 2024-10-28 13:41:57 --> ErrorException: Undefined variable $item_penjualan
[Method: GET, Route: penjualan/edit/6]
in APPPATH\Views\penjualan\edit.php on line 19.
 1 APPPATH\Views\penjualan\edit.php(19): CodeIgniter\Debug\Exceptions->errorHandler(2, 'Undefined variable $item_penjualan', 'C:\\xampp\\htdocs\\apotek\\app\\Views\\penjualan\\edit.php', 19)
 2 SYSTEMPATH\View\View.php(234): include('C:\\xampp\\htdocs\\apotek\\app\\Views\\penjualan\\edit.php')
 3 SYSTEMPATH\View\View.php(237): CodeIgniter\View\View->CodeIgniter\View\{closure}()
 4 SYSTEMPATH\Common.php(1171): CodeIgniter\View\View->render('penjualan/edit', [], true)
 5 APPPATH\Controllers\PenjualanController.php(106): view('penjualan/edit', [...])
 6 SYSTEMPATH\CodeIgniter.php(933): App\Controllers\PenjualanController->edit('6')
 7 SYSTEMPATH\CodeIgniter.php(509): CodeIgniter\CodeIgniter->runController(Object(App\Controllers\PenjualanController))
 8 SYSTEMPATH\CodeIgniter.php(355): CodeIgniter\CodeIgniter->handleRequest(null, Object(Config\Cache), false)
 9 SYSTEMPATH\Boot.php(325): CodeIgniter\CodeIgniter->run()
10 SYSTEMPATH\Boot.php(67): CodeIgniter\Boot::runCodeIgniter(Object(CodeIgniter\CodeIgniter))
11 FCPATH\index.php(56): CodeIgniter\Boot::bootWeb(Object(Config\Paths))
12 SYSTEMPATH\rewrite.php(44): require_once('C:\\xampp\\htdocs\\apotek\\public\\index.php')
CRITICAL - 2024-10-28 13:42:19 --> ErrorException: Undefined variable $item_penjualan
[Method: GET, Route: penjualan/edit/6]
in APPPATH\Views\penjualan\edit.php on line 19.
 1 APPPATH\Views\penjualan\edit.php(19): CodeIgniter\Debug\Exceptions->errorHandler(2, 'Undefined variable $item_penjualan', 'C:\\xampp\\htdocs\\apotek\\app\\Views\\penjualan\\edit.php', 19)
 2 SYSTEMPATH\View\View.php(234): include('C:\\xampp\\htdocs\\apotek\\app\\Views\\penjualan\\edit.php')
 3 SYSTEMPATH\View\View.php(237): CodeIgniter\View\View->CodeIgniter\View\{closure}()
 4 SYSTEMPATH\Common.php(1171): CodeIgniter\View\View->render('penjualan/edit', [], true)
 5 APPPATH\Controllers\PenjualanController.php(106): view('penjualan/edit', [...])
 6 SYSTEMPATH\CodeIgniter.php(933): App\Controllers\PenjualanController->edit('6')
 7 SYSTEMPATH\CodeIgniter.php(509): CodeIgniter\CodeIgniter->runController(Object(App\Controllers\PenjualanController))
 8 SYSTEMPATH\CodeIgniter.php(355): CodeIgniter\CodeIgniter->handleRequest(null, Object(Config\Cache), false)
 9 SYSTEMPATH\Boot.php(325): CodeIgniter\CodeIgniter->run()
10 SYSTEMPATH\Boot.php(67): CodeIgniter\Boot::runCodeIgniter(Object(CodeIgniter\CodeIgniter))
11 FCPATH\index.php(56): CodeIgniter\Boot::bootWeb(Object(Config\Paths))
12 SYSTEMPATH\rewrite.php(44): require_once('C:\\xampp\\htdocs\\apotek\\public\\index.php')
CRITICAL - 2024-10-28 13:42:24 --> ErrorException: Undefined variable $item_penjualan
[Method: GET, Route: penjualan/edit/6]
in APPPATH\Views\penjualan\edit.php on line 19.
 1 APPPATH\Views\penjualan\edit.php(19): CodeIgniter\Debug\Exceptions->errorHandler(2, 'Undefined variable $item_penjualan', 'C:\\xampp\\htdocs\\apotek\\app\\Views\\penjualan\\edit.php', 19)
 2 SYSTEMPATH\View\View.php(234): include('C:\\xampp\\htdocs\\apotek\\app\\Views\\penjualan\\edit.php')
 3 SYSTEMPATH\View\View.php(237): CodeIgniter\View\View->CodeIgniter\View\{closure}()
 4 SYSTEMPATH\Common.php(1171): CodeIgniter\View\View->render('penjualan/edit', [], true)
 5 APPPATH\Controllers\PenjualanController.php(106): view('penjualan/edit', [...])
 6 SYSTEMPATH\CodeIgniter.php(933): App\Controllers\PenjualanController->edit('6')
 7 SYSTEMPATH\CodeIgniter.php(509): CodeIgniter\CodeIgniter->runController(Object(App\Controllers\PenjualanController))
 8 SYSTEMPATH\CodeIgniter.php(355): CodeIgniter\CodeIgniter->handleRequest(null, Object(Config\Cache), false)
 9 SYSTEMPATH\Boot.php(325): CodeIgniter\CodeIgniter->run()
10 SYSTEMPATH\Boot.php(67): CodeIgniter\Boot::runCodeIgniter(Object(CodeIgniter\CodeIgniter))
11 FCPATH\index.php(56): CodeIgniter\Boot::bootWeb(Object(Config\Paths))
12 SYSTEMPATH\rewrite.php(44): require_once('C:\\xampp\\htdocs\\apotek\\public\\index.php')
CRITICAL - 2024-10-28 13:43:52 --> ErrorException: Undefined array key "nama_obat"
[Method: GET, Route: penjualan/edit/6]
in APPPATH\Views\penjualan\edit.php on line 26.
 1 APPPATH\Views\penjualan\edit.php(26): CodeIgniter\Debug\Exceptions->errorHandler(2, 'Undefined array key "nama_obat"', 'C:\\xampp\\htdocs\\apotek\\app\\Views\\penjualan\\edit.php', 26)
 2 SYSTEMPATH\View\View.php(234): include('C:\\xampp\\htdocs\\apotek\\app\\Views\\penjualan\\edit.php')
 3 SYSTEMPATH\View\View.php(237): CodeIgniter\View\View->CodeIgniter\View\{closure}()
 4 SYSTEMPATH\Common.php(1171): CodeIgniter\View\View->render('penjualan/edit', [], true)
 5 APPPATH\Controllers\PenjualanController.php(113): view('penjualan/edit', [...])
 6 SYSTEMPATH\CodeIgniter.php(933): App\Controllers\PenjualanController->edit('6')
 7 SYSTEMPATH\CodeIgniter.php(509): CodeIgniter\CodeIgniter->runController(Object(App\Controllers\PenjualanController))
 8 SYSTEMPATH\CodeIgniter.php(355): CodeIgniter\CodeIgniter->handleRequest(null, Object(Config\Cache), false)
 9 SYSTEMPATH\Boot.php(325): CodeIgniter\CodeIgniter->run()
10 SYSTEMPATH\Boot.php(67): CodeIgniter\Boot::runCodeIgniter(Object(CodeIgniter\CodeIgniter))
11 FCPATH\index.php(56): CodeIgniter\Boot::bootWeb(Object(Config\Paths))
12 SYSTEMPATH\rewrite.php(44): require_once('C:\\xampp\\htdocs\\apotek\\public\\index.php')
CRITICAL - 2024-10-28 13:45:06 --> ErrorException: Undefined array key "nama_obat"
[Method: GET, Route: penjualan/edit/6]
in APPPATH\Views\penjualan\edit.php on line 26.
 1 APPPATH\Views\penjualan\edit.php(26): CodeIgniter\Debug\Exceptions->errorHandler(2, 'Undefined array key "nama_obat"', 'C:\\xampp\\htdocs\\apotek\\app\\Views\\penjualan\\edit.php', 26)
 2 SYSTEMPATH\View\View.php(234): include('C:\\xampp\\htdocs\\apotek\\app\\Views\\penjualan\\edit.php')
 3 SYSTEMPATH\View\View.php(237): CodeIgniter\View\View->CodeIgniter\View\{closure}()
 4 SYSTEMPATH\Common.php(1171): CodeIgniter\View\View->render('penjualan/edit', [], true)
 5 APPPATH\Controllers\PenjualanController.php(113): view('penjualan/edit', [...])
 6 SYSTEMPATH\CodeIgniter.php(933): App\Controllers\PenjualanController->edit('6')
 7 SYSTEMPATH\CodeIgniter.php(509): CodeIgniter\CodeIgniter->runController(Object(App\Controllers\PenjualanController))
 8 SYSTEMPATH\CodeIgniter.php(355): CodeIgniter\CodeIgniter->handleRequest(null, Object(Config\Cache), false)
 9 SYSTEMPATH\Boot.php(325): CodeIgniter\CodeIgniter->run()
10 SYSTEMPATH\Boot.php(67): CodeIgniter\Boot::runCodeIgniter(Object(CodeIgniter\CodeIgniter))
11 FCPATH\index.php(56): CodeIgniter\Boot::bootWeb(Object(Config\Paths))
12 SYSTEMPATH\rewrite.php(44): require_once('C:\\xampp\\htdocs\\apotek\\public\\index.php')
CRITICAL - 2024-10-28 13:45:07 --> ErrorException: Undefined array key "nama_obat"
[Method: GET, Route: penjualan/edit/6]
in APPPATH\Views\penjualan\edit.php on line 26.
 1 APPPATH\Views\penjualan\edit.php(26): CodeIgniter\Debug\Exceptions->errorHandler(2, 'Undefined array key "nama_obat"', 'C:\\xampp\\htdocs\\apotek\\app\\Views\\penjualan\\edit.php', 26)
 2 SYSTEMPATH\View\View.php(234): include('C:\\xampp\\htdocs\\apotek\\app\\Views\\penjualan\\edit.php')
 3 SYSTEMPATH\View\View.php(237): CodeIgniter\View\View->CodeIgniter\View\{closure}()
 4 SYSTEMPATH\Common.php(1171): CodeIgniter\View\View->render('penjualan/edit', [], true)
 5 APPPATH\Controllers\PenjualanController.php(113): view('penjualan/edit', [...])
 6 SYSTEMPATH\CodeIgniter.php(933): App\Controllers\PenjualanController->edit('6')
 7 SYSTEMPATH\CodeIgniter.php(509): CodeIgniter\CodeIgniter->runController(Object(App\Controllers\PenjualanController))
 8 SYSTEMPATH\CodeIgniter.php(355): CodeIgniter\CodeIgniter->handleRequest(null, Object(Config\Cache), false)
 9 SYSTEMPATH\Boot.php(325): CodeIgniter\CodeIgniter->run()
10 SYSTEMPATH\Boot.php(67): CodeIgniter\Boot::runCodeIgniter(Object(CodeIgniter\CodeIgniter))
11 FCPATH\index.php(56): CodeIgniter\Boot::bootWeb(Object(Config\Paths))
12 SYSTEMPATH\rewrite.php(44): require_once('C:\\xampp\\htdocs\\apotek\\public\\index.php')
INFO - 2024-10-28 13:45:31 --> Session: Class initialized using 'CodeIgniter\Session\Handlers\FileHandler' driver.
INFO - 2024-10-28 13:46:02 --> Session: Class initialized using 'CodeIgniter\Session\Handlers\FileHandler' driver.
INFO - 2024-10-28 13:46:29 --> Session: Class initialized using 'CodeIgniter\Session\Handlers\FileHandler' driver.
INFO - 2024-10-28 13:46:32 --> Session: Class initialized using 'CodeIgniter\Session\Handlers\FileHandler' driver.
CRITICAL - 2024-10-28 13:47:51 --> ErrorException: Undefined variable $totalObat
[Method: GET, Route: /]
in APPPATH\Views\dashboard.php on line 18.
 1 APPPATH\Views\dashboard.php(18): CodeIgniter\Debug\Exceptions->errorHandler(2, 'Undefined variable $totalObat', 'C:\\xampp\\htdocs\\apotek\\app\\Views\\dashboard.php', 18)
 2 SYSTEMPATH\View\View.php(234): include('C:\\xampp\\htdocs\\apotek\\app\\Views\\dashboard.php')
 3 SYSTEMPATH\View\View.php(237): CodeIgniter\View\View->CodeIgniter\View\{closure}()
 4 SYSTEMPATH\Common.php(1171): CodeIgniter\View\View->render('dashboard', [], true)
 5 APPPATH\Controllers\Home.php(9): view('dashboard')
 6 SYSTEMPATH\CodeIgniter.php(933): App\Controllers\Home->dashboard()
 7 SYSTEMPATH\CodeIgniter.php(509): CodeIgniter\CodeIgniter->runController(Object(App\Controllers\Home))
 8 SYSTEMPATH\CodeIgniter.php(355): CodeIgniter\CodeIgniter->handleRequest(null, Object(Config\Cache), false)
 9 SYSTEMPATH\Boot.php(325): CodeIgniter\CodeIgniter->run()
10 SYSTEMPATH\Boot.php(67): CodeIgniter\Boot::runCodeIgniter(Object(CodeIgniter\CodeIgniter))
11 FCPATH\index.php(56): CodeIgniter\Boot::bootWeb(Object(Config\Paths))
12 SYSTEMPATH\rewrite.php(44): require_once('C:\\xampp\\htdocs\\apotek\\public\\index.php')
CRITICAL - 2024-10-28 13:50:22 --> ErrorException: Undefined variable $totalObat
[Method: GET, Route: /]
in APPPATH\Views\dashboard.php on line 16.
 1 APPPATH\Views\dashboard.php(16): CodeIgniter\Debug\Exceptions->errorHandler(2, 'Undefined variable $totalObat', 'C:\\xampp\\htdocs\\apotek\\app\\Views\\dashboard.php', 16)
 2 SYSTEMPATH\View\View.php(234): include('C:\\xampp\\htdocs\\apotek\\app\\Views\\dashboard.php')
 3 SYSTEMPATH\View\View.php(237): CodeIgniter\View\View->CodeIgniter\View\{closure}()
 4 SYSTEMPATH\Common.php(1171): CodeIgniter\View\View->render('dashboard', [], true)
 5 APPPATH\Controllers\Home.php(9): view('dashboard')
 6 SYSTEMPATH\CodeIgniter.php(933): App\Controllers\Home->dashboard()
 7 SYSTEMPATH\CodeIgniter.php(509): CodeIgniter\CodeIgniter->runController(Object(App\Controllers\Home))
 8 SYSTEMPATH\CodeIgniter.php(355): CodeIgniter\CodeIgniter->handleRequest(null, Object(Config\Cache), false)
 9 SYSTEMPATH\Boot.php(325): CodeIgniter\CodeIgniter->run()
10 SYSTEMPATH\Boot.php(67): CodeIgniter\Boot::runCodeIgniter(Object(CodeIgniter\CodeIgniter))
11 FCPATH\index.php(56): CodeIgniter\Boot::bootWeb(Object(Config\Paths))
12 SYSTEMPATH\rewrite.php(44): require_once('C:\\xampp\\htdocs\\apotek\\public\\index.php')
CRITICAL - 2024-10-28 13:51:26 --> ErrorException: Undefined variable $totalObat
[Method: GET, Route: /]
in APPPATH\Views\dashboard.php on line 16.
 1 APPPATH\Views\dashboard.php(16): CodeIgniter\Debug\Exceptions->errorHandler(2, 'Undefined variable $totalObat', 'C:\\xampp\\htdocs\\apotek\\app\\Views\\dashboard.php', 16)
 2 SYSTEMPATH\View\View.php(234): include('C:\\xampp\\htdocs\\apotek\\app\\Views\\dashboard.php')
 3 SYSTEMPATH\View\View.php(237): CodeIgniter\View\View->CodeIgniter\View\{closure}()
 4 SYSTEMPATH\Common.php(1171): CodeIgniter\View\View->render('dashboard', [], true)
 5 APPPATH\Controllers\Home.php(9): view('dashboard')
 6 SYSTEMPATH\CodeIgniter.php(933): App\Controllers\Home->dashboard()
 7 SYSTEMPATH\CodeIgniter.php(509): CodeIgniter\CodeIgniter->runController(Object(App\Controllers\Home))
 8 SYSTEMPATH\CodeIgniter.php(355): CodeIgniter\CodeIgniter->handleRequest(null, Object(Config\Cache), false)
 9 SYSTEMPATH\Boot.php(325): CodeIgniter\CodeIgniter->run()
10 SYSTEMPATH\Boot.php(67): CodeIgniter\Boot::runCodeIgniter(Object(CodeIgniter\CodeIgniter))
11 FCPATH\index.php(56): CodeIgniter\Boot::bootWeb(Object(Config\Paths))
12 SYSTEMPATH\rewrite.php(44): require_once('C:\\xampp\\htdocs\\apotek\\public\\index.php')
CRITICAL - 2024-10-28 13:51:32 --> ErrorException: Undefined variable $totalObat
[Method: GET, Route: /]
in APPPATH\Views\dashboard.php on line 16.
 1 APPPATH\Views\dashboard.php(16): CodeIgniter\Debug\Exceptions->errorHandler(2, 'Undefined variable $totalObat', 'C:\\xampp\\htdocs\\apotek\\app\\Views\\dashboard.php', 16)
 2 SYSTEMPATH\View\View.php(234): include('C:\\xampp\\htdocs\\apotek\\app\\Views\\dashboard.php')
 3 SYSTEMPATH\View\View.php(237): CodeIgniter\View\View->CodeIgniter\View\{closure}()
 4 SYSTEMPATH\Common.php(1171): CodeIgniter\View\View->render('dashboard', [], true)
 5 APPPATH\Controllers\Home.php(9): view('dashboard')
 6 SYSTEMPATH\CodeIgniter.php(933): App\Controllers\Home->dashboard()
 7 SYSTEMPATH\CodeIgniter.php(509): CodeIgniter\CodeIgniter->runController(Object(App\Controllers\Home))
 8 SYSTEMPATH\CodeIgniter.php(355): CodeIgniter\CodeIgniter->handleRequest(null, Object(Config\Cache), false)
 9 SYSTEMPATH\Boot.php(325): CodeIgniter\CodeIgniter->run()
10 SYSTEMPATH\Boot.php(67): CodeIgniter\Boot::runCodeIgniter(Object(CodeIgniter\CodeIgniter))
11 FCPATH\index.php(56): CodeIgniter\Boot::bootWeb(Object(Config\Paths))
12 SYSTEMPATH\rewrite.php(44): require_once('C:\\xampp\\htdocs\\apotek\\public\\index.php')
CRITICAL - 2024-10-28 13:54:08 --> ErrorException: Undefined variable $totalObat
[Method: GET, Route: dashboard]
in APPPATH\Views\dashboard.php on line 16.
 1 APPPATH\Views\dashboard.php(16): CodeIgniter\Debug\Exceptions->errorHandler(2, 'Undefined variable $totalObat', 'C:\\xampp\\htdocs\\apotek\\app\\Views\\dashboard.php', 16)
 2 SYSTEMPATH\View\View.php(234): include('C:\\xampp\\htdocs\\apotek\\app\\Views\\dashboard.php')
 3 SYSTEMPATH\View\View.php(237): CodeIgniter\View\View->CodeIgniter\View\{closure}()
 4 SYSTEMPATH\Common.php(1171): CodeIgniter\View\View->render('dashboard', [], true)
 5 APPPATH\Controllers\Home.php(9): view('dashboard')
 6 SYSTEMPATH\CodeIgniter.php(933): App\Controllers\Home->dashboard()
 7 SYSTEMPATH\CodeIgniter.php(509): CodeIgniter\CodeIgniter->runController(Object(App\Controllers\Home))
 8 SYSTEMPATH\CodeIgniter.php(355): CodeIgniter\CodeIgniter->handleRequest(null, Object(Config\Cache), false)
 9 SYSTEMPATH\Boot.php(325): CodeIgniter\CodeIgniter->run()
10 SYSTEMPATH\Boot.php(67): CodeIgniter\Boot::runCodeIgniter(Object(CodeIgniter\CodeIgniter))
11 FCPATH\index.php(56): CodeIgniter\Boot::bootWeb(Object(Config\Paths))
12 SYSTEMPATH\rewrite.php(44): require_once('C:\\xampp\\htdocs\\apotek\\public\\index.php')
CRITICAL - 2024-10-28 13:54:28 --> ErrorException: Undefined variable $totalObat
[Method: GET, Route: /]
in APPPATH\Views\dashboard.php on line 16.
 1 APPPATH\Views\dashboard.php(16): CodeIgniter\Debug\Exceptions->errorHandler(2, 'Undefined variable $totalObat', 'C:\\xampp\\htdocs\\apotek\\app\\Views\\dashboard.php', 16)
 2 SYSTEMPATH\View\View.php(234): include('C:\\xampp\\htdocs\\apotek\\app\\Views\\dashboard.php')
 3 SYSTEMPATH\View\View.php(237): CodeIgniter\View\View->CodeIgniter\View\{closure}()
 4 SYSTEMPATH\Common.php(1171): CodeIgniter\View\View->render('dashboard', [], true)
 5 APPPATH\Controllers\Home.php(9): view('dashboard')
 6 SYSTEMPATH\CodeIgniter.php(933): App\Controllers\Home->dashboard()
 7 SYSTEMPATH\CodeIgniter.php(509): CodeIgniter\CodeIgniter->runController(Object(App\Controllers\Home))
 8 SYSTEMPATH\CodeIgniter.php(355): CodeIgniter\CodeIgniter->handleRequest(null, Object(Config\Cache), false)
 9 SYSTEMPATH\Boot.php(325): CodeIgniter\CodeIgniter->run()
10 SYSTEMPATH\Boot.php(67): CodeIgniter\Boot::runCodeIgniter(Object(CodeIgniter\CodeIgniter))
11 FCPATH\index.php(56): CodeIgniter\Boot::bootWeb(Object(Config\Paths))
12 SYSTEMPATH\rewrite.php(44): require_once('C:\\xampp\\htdocs\\apotek\\public\\index.php')
INFO - 2024-10-28 13:54:42 --> Session: Class initialized using 'CodeIgniter\Session\Handlers\FileHandler' driver.
INFO - 2024-10-28 13:56:16 --> Session: Class initialized using 'CodeIgniter\Session\Handlers\FileHandler' driver.
INFO - 2024-10-28 13:56:31 --> Session: Class initialized using 'CodeIgniter\Session\Handlers\FileHandler' driver.
INFO - 2024-10-28 13:57:13 --> Session: Class initialized using 'CodeIgniter\Session\Handlers\FileHandler' driver.
CRITICAL - 2024-10-28 13:57:13 --> ErrorException: Undefined array key 0
[Method: GET, Route: obat]
in APPPATH\Views\obat\index.php on line 39.
 1 APPPATH\Views\obat\index.php(39): CodeIgniter\Debug\Exceptions->errorHandler(2, 'Undefined array key 0', 'C:\\xampp\\htdocs\\apotek\\app\\Views\\obat\\index.php', 39)
 2 SYSTEMPATH\View\View.php(234): include('C:\\xampp\\htdocs\\apotek\\app\\Views\\obat\\index.php')
 3 SYSTEMPATH\View\View.php(237): CodeIgniter\View\View->CodeIgniter\View\{closure}()
 4 SYSTEMPATH\Common.php(1171): CodeIgniter\View\View->render('obat/index', [], true)
 5 APPPATH\Controllers\ObatController.php(14): view('obat/index', [...])
 6 SYSTEMPATH\CodeIgniter.php(933): App\Controllers\ObatController->index()
 7 SYSTEMPATH\CodeIgniter.php(509): CodeIgniter\CodeIgniter->runController(Object(App\Controllers\ObatController))
 8 SYSTEMPATH\CodeIgniter.php(355): CodeIgniter\CodeIgniter->handleRequest(null, Object(Config\Cache), false)
 9 SYSTEMPATH\Boot.php(325): CodeIgniter\CodeIgniter->run()
10 SYSTEMPATH\Boot.php(67): CodeIgniter\Boot::runCodeIgniter(Object(CodeIgniter\CodeIgniter))
11 FCPATH\index.php(56): CodeIgniter\Boot::bootWeb(Object(Config\Paths))
12 SYSTEMPATH\rewrite.php(44): require_once('C:\\xampp\\htdocs\\apotek\\public\\index.php')
INFO - 2024-10-28 13:57:48 --> Session: Class initialized using 'CodeIgniter\Session\Handlers\FileHandler' driver.
INFO - 2024-10-28 13:57:57 --> Session: Class initialized using 'CodeIgniter\Session\Handlers\FileHandler' driver.
INFO - 2024-10-28 13:58:43 --> Session: Class initialized using 'CodeIgniter\Session\Handlers\FileHandler' driver.
INFO - 2024-10-28 13:59:00 --> Session: Class initialized using 'CodeIgniter\Session\Handlers\FileHandler' driver.
INFO - 2024-10-28 13:59:15 --> Session: Class initialized using 'CodeIgniter\Session\Handlers\FileHandler' driver.
INFO - 2024-10-28 13:59:24 --> Session: Class initialized using 'CodeIgniter\Session\Handlers\FileHandler' driver.
INFO - 2024-10-28 14:00:32 --> Session: Class initialized using 'CodeIgniter\Session\Handlers\FileHandler' driver.
INFO - 2024-10-28 14:01:19 --> Session: Class initialized using 'CodeIgniter\Session\Handlers\FileHandler' driver.
INFO - 2024-10-28 14:01:24 --> Session: Class initialized using 'CodeIgniter\Session\Handlers\FileHandler' driver.
INFO - 2024-10-28 14:02:04 --> Session: Class initialized using 'CodeIgniter\Session\Handlers\FileHandler' driver.
